app/build/intermediates/manifest_merge_blame_file/debug/processDebugMainManifest/manifest-merger-blame-debug-report.txt
1<?xml version="1.0" encoding="utf-8"?>
2<manifest xmlns:android="http://schemas.android.com/apk/res/android"
3    package="com.example.planetze"
4    android:versionCode="1"
5    android:versionName="1.0" >
6
7    <uses-sdk
8        android:minSdkVersion="24"
9        android:targetSdkVersion="34" />
10
11    <uses-permission android:name="android.permission.INTERNET" />
11-->[com.google.firebase:firebase-auth:23.1.0] AndroidManifest.xml:25:5-67
11-->[com.google.firebase:firebase-auth:23.1.0] AndroidManifest.xml:25:22-64
12    <uses-permission android:name="android.permission.ACCESS_NETWORK_STATE" />
12-->[com.google.firebase:firebase-auth:23.1.0] AndroidManifest.xml:26:5-79
12-->[com.google.firebase:firebase-auth:23.1.0] AndroidManifest.xml:26:22-76
13    <uses-permission android:name="android.permission.WAKE_LOCK" />
13-->[com.google.android.gms:play-services-measurement:22.1.2] AndroidManifest.xml:25:5-68
13-->[com.google.android.gms:play-services-measurement:22.1.2] AndroidManifest.xml:25:22-65
14    <uses-permission android:name="com.google.android.finsky.permission.BIND_GET_INSTALL_REFERRER_SERVICE" />
14-->[com.google.android.gms:play-services-measurement:22.1.2] AndroidManifest.xml:26:5-110
14-->[com.google.android.gms:play-services-measurement:22.1.2] AndroidManifest.xml:26:22-107
15    <uses-permission android:name="com.google.android.gms.permission.AD_ID" />
15-->[com.google.android.gms:play-services-measurement-api:22.1.2] AndroidManifest.xml:25:5-79
15-->[com.google.android.gms:play-services-measurement-api:22.1.2] AndroidManifest.xml:25:22-76
16    <uses-permission android:name="android.permission.ACCESS_ADSERVICES_ATTRIBUTION" />
16-->[com.google.android.gms:play-services-measurement-api:22.1.2] AndroidManifest.xml:26:5-88
16-->[com.google.android.gms:play-services-measurement-api:22.1.2] AndroidManifest.xml:26:22-85
17    <uses-permission android:name="android.permission.ACCESS_ADSERVICES_AD_ID" />
17-->[com.google.android.gms:play-services-measurement-api:22.1.2] AndroidManifest.xml:27:5-82
17-->[com.google.android.gms:play-services-measurement-api:22.1.2] AndroidManifest.xml:27:22-79
18    <uses-permission android:name="com.google.android.providers.gsf.permission.READ_GSERVICES" />
18-->[com.google.android.recaptcha:recaptcha:18.5.1] AndroidManifest.xml:9:5-98
18-->[com.google.android.recaptcha:recaptcha:18.5.1] AndroidManifest.xml:9:22-95
19
20    <permission
20-->[androidx.core:core:1.13.0] AndroidManifest.xml:22:5-24:47
21        android:name="com.example.planetze.DYNAMIC_RECEIVER_NOT_EXPORTED_PERMISSION"
21-->[androidx.core:core:1.13.0] AndroidManifest.xml:23:9-81
22        android:protectionLevel="signature" />
22-->[androidx.core:core:1.13.0] AndroidManifest.xml:24:9-44
23
24    <uses-permission android:name="com.example.planetze.DYNAMIC_RECEIVER_NOT_EXPORTED_PERMISSION" />
24-->[androidx.core:core:1.13.0] AndroidManifest.xml:26:5-97
24-->[androidx.core:core:1.13.0] AndroidManifest.xml:26:22-94
25
26    <application
26-->src/main/AndroidManifest.xml:5:5-42:19
27        android:allowBackup="true"
27-->src/main/AndroidManifest.xml:6:9-35
28        android:appComponentFactory="androidx.core.app.CoreComponentFactory"
28-->[androidx.core:core:1.13.0] AndroidManifest.xml:28:18-86
29        android:dataExtractionRules="@xml/data_extraction_rules"
29-->src/main/AndroidManifest.xml:7:9-65
30        android:debuggable="true"
31        android:extractNativeLibs="false"
32        android:fullBackupContent="@xml/backup_rules"
32-->src/main/AndroidManifest.xml:8:9-54
33        android:icon="@mipmap/ic_launcher"
33-->src/main/AndroidManifest.xml:9:9-43
34        android:label="@string/app_name"
34-->src/main/AndroidManifest.xml:10:9-41
35        android:roundIcon="@mipmap/ic_launcher_round"
35-->src/main/AndroidManifest.xml:11:9-54
36        android:supportsRtl="true"
36-->src/main/AndroidManifest.xml:12:9-35
37        android:testOnly="true"
38        android:theme="@style/Theme.Planetze" >
38-->src/main/AndroidManifest.xml:13:9-46
39        <activity
39-->src/main/AndroidManifest.xml:16:9-18:39
40            android:name="com.example.planetze.LoginActivity"
40-->src/main/AndroidManifest.xml:17:13-42
41            android:exported="false" />
41-->src/main/AndroidManifest.xml:18:13-37
42        <activity
42-->src/main/AndroidManifest.xml:20:9-29:20
43            android:name="com.example.planetze.SplashScreenActivity"
43-->src/main/AndroidManifest.xml:21:13-49
44            android:exported="true" >
44-->src/main/AndroidManifest.xml:22:13-36
45            <intent-filter>
45-->src/main/AndroidManifest.xml:24:13-28:29
46                <action android:name="android.intent.action.MAIN" />
46-->src/main/AndroidManifest.xml:25:17-69
46-->src/main/AndroidManifest.xml:25:25-66
47
48                <category android:name="android.intent.category.LAUNCHER" />
48-->src/main/AndroidManifest.xml:27:17-77
48-->src/main/AndroidManifest.xml:27:27-74
49            </intent-filter>
50        </activity>
51        <activity
51-->src/main/AndroidManifest.xml:31:9-34:20
52            android:name="com.example.planetze.FormActivity"
52-->src/main/AndroidManifest.xml:32:13-41
53            android:exported="false" >
53-->src/main/AndroidManifest.xml:33:13-37
54        </activity>
55        <activity
55-->src/main/AndroidManifest.xml:36:9-40:20
56            android:name="com.example.planetze.MainActivity"
56-->src/main/AndroidManifest.xml:37:13-41
57            android:exported="false"
57-->src/main/AndroidManifest.xml:38:13-37
58            android:label="@string/app_name" >
58-->src/main/AndroidManifest.xml:39:13-45
59        </activity>
60        <activity
60-->[com.google.firebase:firebase-auth:23.1.0] AndroidManifest.xml:29:9-46:20
61            android:name="com.google.firebase.auth.internal.GenericIdpActivity"
61-->[com.google.firebase:firebase-auth:23.1.0] AndroidManifest.xml:30:13-80
62            android:excludeFromRecents="true"
62-->[com.google.firebase:firebase-auth:23.1.0] AndroidManifest.xml:31:13-46
63            android:exported="true"
63-->[com.google.firebase:firebase-auth:23.1.0] AndroidManifest.xml:32:13-36
64            android:launchMode="singleTask"
64-->[com.google.firebase:firebase-auth:23.1.0] AndroidManifest.xml:33:13-44
65            android:theme="@android:style/Theme.Translucent.NoTitleBar" >
65-->[com.google.firebase:firebase-auth:23.1.0] AndroidManifest.xml:34:13-72
66            <intent-filter>
66-->[com.google.firebase:firebase-auth:23.1.0] AndroidManifest.xml:35:13-45:29
67                <action android:name="android.intent.action.VIEW" />
67-->[com.google.firebase:firebase-auth:23.1.0] AndroidManifest.xml:36:17-69
67-->[com.google.firebase:firebase-auth:23.1.0] AndroidManifest.xml:36:25-66
68
69                <category android:name="android.intent.category.DEFAULT" />
69-->[com.google.firebase:firebase-auth:23.1.0] AndroidManifest.xml:38:17-76
69-->[com.google.firebase:firebase-auth:23.1.0] AndroidManifest.xml:38:27-73
70                <category android:name="android.intent.category.BROWSABLE" />
70-->[com.google.firebase:firebase-auth:23.1.0] AndroidManifest.xml:39:17-78
70-->[com.google.firebase:firebase-auth:23.1.0] AndroidManifest.xml:39:27-75
71
72                <data
72-->[com.google.firebase:firebase-auth:23.1.0] AndroidManifest.xml:41:17-44:51
73                    android:host="firebase.auth"
73-->[com.google.firebase:firebase-auth:23.1.0] AndroidManifest.xml:42:21-49
74                    android:path="/"
74-->[com.google.firebase:firebase-auth:23.1.0] AndroidManifest.xml:43:21-37
75                    android:scheme="genericidp" />
75-->[com.google.firebase:firebase-auth:23.1.0] AndroidManifest.xml:44:21-48
76            </intent-filter>
77        </activity>
78        <activity
78-->[com.google.firebase:firebase-auth:23.1.0] AndroidManifest.xml:47:9-64:20
79            android:name="com.google.firebase.auth.internal.RecaptchaActivity"
79-->[com.google.firebase:firebase-auth:23.1.0] AndroidManifest.xml:48:13-79
80            android:excludeFromRecents="true"
80-->[com.google.firebase:firebase-auth:23.1.0] AndroidManifest.xml:49:13-46
81            android:exported="true"
81-->[com.google.firebase:firebase-auth:23.1.0] AndroidManifest.xml:50:13-36
82            android:launchMode="singleTask"
82-->[com.google.firebase:firebase-auth:23.1.0] AndroidManifest.xml:51:13-44
83            android:theme="@android:style/Theme.Translucent.NoTitleBar" >
83-->[com.google.firebase:firebase-auth:23.1.0] AndroidManifest.xml:52:13-72
84            <intent-filter>
84-->[com.google.firebase:firebase-auth:23.1.0] AndroidManifest.xml:53:13-63:29
85                <action android:name="android.intent.action.VIEW" />
85-->[com.google.firebase:firebase-auth:23.1.0] AndroidManifest.xml:36:17-69
85-->[com.google.firebase:firebase-auth:23.1.0] AndroidManifest.xml:36:25-66
86
87                <category android:name="android.intent.category.DEFAULT" />
87-->[com.google.firebase:firebase-auth:23.1.0] AndroidManifest.xml:38:17-76
87-->[com.google.firebase:firebase-auth:23.1.0] AndroidManifest.xml:38:27-73
88                <category android:name="android.intent.category.BROWSABLE" />
88-->[com.google.firebase:firebase-auth:23.1.0] AndroidManifest.xml:39:17-78
88-->[com.google.firebase:firebase-auth:23.1.0] AndroidManifest.xml:39:27-75
89
90                <data
90-->[com.google.firebase:firebase-auth:23.1.0] AndroidManifest.xml:41:17-44:51
91                    android:host="firebase.auth"
91-->[com.google.firebase:firebase-auth:23.1.0] AndroidManifest.xml:42:21-49
92                    android:path="/"
92-->[com.google.firebase:firebase-auth:23.1.0] AndroidManifest.xml:43:21-37
93                    android:scheme="recaptcha" />
93-->[com.google.firebase:firebase-auth:23.1.0] AndroidManifest.xml:44:21-48
94            </intent-filter>
95        </activity>
96
97        <service
97-->[com.google.firebase:firebase-auth:23.1.0] AndroidManifest.xml:66:9-72:19
98            android:name="com.google.firebase.components.ComponentDiscoveryService"
98-->[com.google.firebase:firebase-auth:23.1.0] AndroidManifest.xml:67:13-84
99            android:directBootAware="true"
99-->[com.google.firebase:firebase-common:21.0.0] AndroidManifest.xml:32:13-43
100            android:exported="false" >
100-->[com.google.firebase:firebase-auth:23.1.0] AndroidManifest.xml:68:13-37
101            <meta-data
101-->[com.google.firebase:firebase-auth:23.1.0] AndroidManifest.xml:69:13-71:85
102                android:name="com.google.firebase.components:com.google.firebase.auth.FirebaseAuthRegistrar"
102-->[com.google.firebase:firebase-auth:23.1.0] AndroidManifest.xml:70:17-109
103                android:value="com.google.firebase.components.ComponentRegistrar" />
103-->[com.google.firebase:firebase-auth:23.1.0] AndroidManifest.xml:71:17-82
104            <meta-data
104-->[com.google.firebase:firebase-database:21.0.0] AndroidManifest.xml:29:13-31:85
105                android:name="com.google.firebase.components:com.google.firebase.database.FirebaseDatabaseKtxRegistrar"
105-->[com.google.firebase:firebase-database:21.0.0] AndroidManifest.xml:30:17-120
106                android:value="com.google.firebase.components.ComponentRegistrar" />
106-->[com.google.firebase:firebase-database:21.0.0] AndroidManifest.xml:31:17-82
107            <meta-data
107-->[com.google.firebase:firebase-database:21.0.0] AndroidManifest.xml:32:13-34:85
108                android:name="com.google.firebase.components:com.google.firebase.database.DatabaseRegistrar"
108-->[com.google.firebase:firebase-database:21.0.0] AndroidManifest.xml:33:17-109
109                android:value="com.google.firebase.components.ComponentRegistrar" />
109-->[com.google.firebase:firebase-database:21.0.0] AndroidManifest.xml:34:17-82
110            <meta-data
110-->[com.google.android.gms:play-services-measurement-api:22.1.2] AndroidManifest.xml:37:13-39:85
111                android:name="com.google.firebase.components:com.google.firebase.analytics.connector.internal.AnalyticsConnectorRegistrar"
111-->[com.google.android.gms:play-services-measurement-api:22.1.2] AndroidManifest.xml:38:17-139
112                android:value="com.google.firebase.components.ComponentRegistrar" />
112-->[com.google.android.gms:play-services-measurement-api:22.1.2] AndroidManifest.xml:39:17-82
113            <meta-data
113-->[com.google.firebase:firebase-installations:18.0.0] AndroidManifest.xml:15:13-17:85
114                android:name="com.google.firebase.components:com.google.firebase.installations.FirebaseInstallationsKtxRegistrar"
114-->[com.google.firebase:firebase-installations:18.0.0] AndroidManifest.xml:16:17-130
115                android:value="com.google.firebase.components.ComponentRegistrar" />
115-->[com.google.firebase:firebase-installations:18.0.0] AndroidManifest.xml:17:17-82
116            <meta-data
116-->[com.google.firebase:firebase-installations:18.0.0] AndroidManifest.xml:18:13-20:85
117                android:name="com.google.firebase.components:com.google.firebase.installations.FirebaseInstallationsRegistrar"
117-->[com.google.firebase:firebase-installations:18.0.0] AndroidManifest.xml:19:17-127
118                android:value="com.google.firebase.components.ComponentRegistrar" />
118-->[com.google.firebase:firebase-installations:18.0.0] AndroidManifest.xml:20:17-82
119            <meta-data
119-->[com.google.firebase:firebase-common-ktx:21.0.0] AndroidManifest.xml:12:13-14:85
120                android:name="com.google.firebase.components:com.google.firebase.ktx.FirebaseCommonLegacyRegistrar"
120-->[com.google.firebase:firebase-common-ktx:21.0.0] AndroidManifest.xml:13:17-116
121                android:value="com.google.firebase.components.ComponentRegistrar" />
121-->[com.google.firebase:firebase-common-ktx:21.0.0] AndroidManifest.xml:14:17-82
122            <meta-data
122-->[com.google.firebase:firebase-common:21.0.0] AndroidManifest.xml:35:13-37:85
123                android:name="com.google.firebase.components:com.google.firebase.FirebaseCommonKtxRegistrar"
123-->[com.google.firebase:firebase-common:21.0.0] AndroidManifest.xml:36:17-109
124                android:value="com.google.firebase.components.ComponentRegistrar" />
124-->[com.google.firebase:firebase-common:21.0.0] AndroidManifest.xml:37:17-82
125        </service>
126
127        <receiver
127-->[com.google.android.gms:play-services-measurement:22.1.2] AndroidManifest.xml:29:9-33:20
128            android:name="com.google.android.gms.measurement.AppMeasurementReceiver"
128-->[com.google.android.gms:play-services-measurement:22.1.2] AndroidManifest.xml:30:13-85
129            android:enabled="true"
129-->[com.google.android.gms:play-services-measurement:22.1.2] AndroidManifest.xml:31:13-35
130            android:exported="false" >
130-->[com.google.android.gms:play-services-measurement:22.1.2] AndroidManifest.xml:32:13-37
131        </receiver>
132
133        <service
133-->[com.google.android.gms:play-services-measurement:22.1.2] AndroidManifest.xml:35:9-38:40
134            android:name="com.google.android.gms.measurement.AppMeasurementService"
134-->[com.google.android.gms:play-services-measurement:22.1.2] AndroidManifest.xml:36:13-84
135            android:enabled="true"
135-->[com.google.android.gms:play-services-measurement:22.1.2] AndroidManifest.xml:37:13-35
136            android:exported="false" />
136-->[com.google.android.gms:play-services-measurement:22.1.2] AndroidManifest.xml:38:13-37
137        <service
137-->[com.google.android.gms:play-services-measurement:22.1.2] AndroidManifest.xml:39:9-43:72
138            android:name="com.google.android.gms.measurement.AppMeasurementJobService"
138-->[com.google.android.gms:play-services-measurement:22.1.2] AndroidManifest.xml:40:13-87
139            android:enabled="true"
139-->[com.google.android.gms:play-services-measurement:22.1.2] AndroidManifest.xml:41:13-35
140            android:exported="false"
140-->[com.google.android.gms:play-services-measurement:22.1.2] AndroidManifest.xml:42:13-37
141            android:permission="android.permission.BIND_JOB_SERVICE" />
141-->[com.google.android.gms:play-services-measurement:22.1.2] AndroidManifest.xml:43:13-69
142
143        <property
143-->[com.google.android.gms:play-services-measurement-api:22.1.2] AndroidManifest.xml:30:9-32:61
144            android:name="android.adservices.AD_SERVICES_CONFIG"
144-->[com.google.android.gms:play-services-measurement-api:22.1.2] AndroidManifest.xml:31:13-65
145            android:resource="@xml/ga_ad_services_config" />
145-->[com.google.android.gms:play-services-measurement-api:22.1.2] AndroidManifest.xml:32:13-58
146
147        <service
147-->[androidx.credentials:credentials-play-services-auth:1.2.0-rc01] AndroidManifest.xml:24:9-32:19
148            android:name="androidx.credentials.playservices.CredentialProviderMetadataHolder"
148-->[androidx.credentials:credentials-play-services-auth:1.2.0-rc01] AndroidManifest.xml:25:13-94
149            android:enabled="true"
149-->[androidx.credentials:credentials-play-services-auth:1.2.0-rc01] AndroidManifest.xml:26:13-35
150            android:exported="false" >
150-->[androidx.credentials:credentials-play-services-auth:1.2.0-rc01] AndroidManifest.xml:27:13-37
151            <meta-data
151-->[androidx.credentials:credentials-play-services-auth:1.2.0-rc01] AndroidManifest.xml:29:13-31:104
152                android:name="androidx.credentials.CREDENTIAL_PROVIDER_KEY"
152-->[androidx.credentials:credentials-play-services-auth:1.2.0-rc01] AndroidManifest.xml:30:17-76
153                android:value="androidx.credentials.playservices.CredentialProviderPlayServicesImpl" />
153-->[androidx.credentials:credentials-play-services-auth:1.2.0-rc01] AndroidManifest.xml:31:17-101
154        </service>
155
156        <activity
156-->[androidx.credentials:credentials-play-services-auth:1.2.0-rc01] AndroidManifest.xml:34:9-41:20
157            android:name="androidx.credentials.playservices.HiddenActivity"
157-->[androidx.credentials:credentials-play-services-auth:1.2.0-rc01] AndroidManifest.xml:35:13-76
158            android:configChanges="orientation|screenSize|screenLayout|keyboardHidden"
158-->[androidx.credentials:credentials-play-services-auth:1.2.0-rc01] AndroidManifest.xml:36:13-87
159            android:enabled="true"
159-->[androidx.credentials:credentials-play-services-auth:1.2.0-rc01] AndroidManifest.xml:37:13-35
160            android:exported="false"
160-->[androidx.credentials:credentials-play-services-auth:1.2.0-rc01] AndroidManifest.xml:38:13-37
161            android:fitsSystemWindows="true"
161-->[androidx.credentials:credentials-play-services-auth:1.2.0-rc01] AndroidManifest.xml:39:13-45
162            android:theme="@style/Theme.Hidden" >
162-->[androidx.credentials:credentials-play-services-auth:1.2.0-rc01] AndroidManifest.xml:40:13-48
163        </activity>
164        <activity
164-->[com.google.android.gms:play-services-auth:20.7.0] AndroidManifest.xml:23:9-27:75
165            android:name="com.google.android.gms.auth.api.signin.internal.SignInHubActivity"
165-->[com.google.android.gms:play-services-auth:20.7.0] AndroidManifest.xml:24:13-93
166            android:excludeFromRecents="true"
166-->[com.google.android.gms:play-services-auth:20.7.0] AndroidManifest.xml:25:13-46
167            android:exported="false"
167-->[com.google.android.gms:play-services-auth:20.7.0] AndroidManifest.xml:26:13-37
168            android:theme="@android:style/Theme.Translucent.NoTitleBar" />
168-->[com.google.android.gms:play-services-auth:20.7.0] AndroidManifest.xml:27:13-72
169        <!--
170            Service handling Google Sign-In user revocation. For apps that do not integrate with
171            Google Sign-In, this service will never be started.
172        -->
173        <service
173-->[com.google.android.gms:play-services-auth:20.7.0] AndroidManifest.xml:33:9-37:51
174            android:name="com.google.android.gms.auth.api.signin.RevocationBoundService"
174-->[com.google.android.gms:play-services-auth:20.7.0] AndroidManifest.xml:34:13-89
175            android:exported="true"
175-->[com.google.android.gms:play-services-auth:20.7.0] AndroidManifest.xml:35:13-36
176            android:permission="com.google.android.gms.auth.api.signin.permission.REVOCATION_NOTIFICATION"
176-->[com.google.android.gms:play-services-auth:20.7.0] AndroidManifest.xml:36:13-107
177            android:visibleToInstantApps="true" />
177-->[com.google.android.gms:play-services-auth:20.7.0] AndroidManifest.xml:37:13-48
178
179        <provider
179-->[com.google.firebase:firebase-common:21.0.0] AndroidManifest.xml:23:9-28:39
180            android:name="com.google.firebase.provider.FirebaseInitProvider"
180-->[com.google.firebase:firebase-common:21.0.0] AndroidManifest.xml:24:13-77
181            android:authorities="com.example.planetze.firebaseinitprovider"
181-->[com.google.firebase:firebase-common:21.0.0] AndroidManifest.xml:25:13-72
182            android:directBootAware="true"
182-->[com.google.firebase:firebase-common:21.0.0] AndroidManifest.xml:26:13-43
183            android:exported="false"
183-->[com.google.firebase:firebase-common:21.0.0] AndroidManifest.xml:27:13-37
184            android:initOrder="100" />
184-->[com.google.firebase:firebase-common:21.0.0] AndroidManifest.xml:28:13-36
185        <provider
185-->[androidx.emoji2:emoji2:1.3.0] AndroidManifest.xml:24:9-32:20
186            android:name="androidx.startup.InitializationProvider"
186-->[androidx.emoji2:emoji2:1.3.0] AndroidManifest.xml:25:13-67
187            android:authorities="com.example.planetze.androidx-startup"
187-->[androidx.emoji2:emoji2:1.3.0] AndroidManifest.xml:26:13-68
188            android:exported="false" >
188-->[androidx.emoji2:emoji2:1.3.0] AndroidManifest.xml:27:13-37
189            <meta-data
189-->[androidx.emoji2:emoji2:1.3.0] AndroidManifest.xml:29:13-31:52
190                android:name="androidx.emoji2.text.EmojiCompatInitializer"
190-->[androidx.emoji2:emoji2:1.3.0] AndroidManifest.xml:30:17-75
191                android:value="androidx.startup" />
191-->[androidx.emoji2:emoji2:1.3.0] AndroidManifest.xml:31:17-49
192            <meta-data
192-->[androidx.lifecycle:lifecycle-process:2.8.4] AndroidManifest.xml:29:13-31:52
193                android:name="androidx.lifecycle.ProcessLifecycleInitializer"
193-->[androidx.lifecycle:lifecycle-process:2.8.4] AndroidManifest.xml:30:17-78
194                android:value="androidx.startup" />
194-->[androidx.lifecycle:lifecycle-process:2.8.4] AndroidManifest.xml:31:17-49
195            <meta-data
195-->[androidx.profileinstaller:profileinstaller:1.3.1] AndroidManifest.xml:29:13-31:52
196                android:name="androidx.profileinstaller.ProfileInstallerInitializer"
196-->[androidx.profileinstaller:profileinstaller:1.3.1] AndroidManifest.xml:30:17-85
197                android:value="androidx.startup" />
197-->[androidx.profileinstaller:profileinstaller:1.3.1] AndroidManifest.xml:31:17-49
198        </provider>
199
200        <uses-library
200-->[androidx.privacysandbox.ads:ads-adservices:1.0.0-beta05] AndroidManifest.xml:23:9-25:40
201            android:name="android.ext.adservices"
201-->[androidx.privacysandbox.ads:ads-adservices:1.0.0-beta05] AndroidManifest.xml:24:13-50
202            android:required="false" />
202-->[androidx.privacysandbox.ads:ads-adservices:1.0.0-beta05] AndroidManifest.xml:25:13-37
203        <uses-library
203-->[androidx.window:window:1.0.0] AndroidManifest.xml:25:9-27:40
204            android:name="androidx.window.extensions"
204-->[androidx.window:window:1.0.0] AndroidManifest.xml:26:13-54
205            android:required="false" />
205-->[androidx.window:window:1.0.0] AndroidManifest.xml:27:13-37
206        <uses-library
206-->[androidx.window:window:1.0.0] AndroidManifest.xml:28:9-30:40
207            android:name="androidx.window.sidecar"
207-->[androidx.window:window:1.0.0] AndroidManifest.xml:29:13-51
208            android:required="false" />
208-->[androidx.window:window:1.0.0] AndroidManifest.xml:30:13-37
209
210        <activity
210-->[com.google.android.gms:play-services-base:18.5.0] AndroidManifest.xml:5:9-173
211            android:name="com.google.android.gms.common.api.GoogleApiActivity"
211-->[com.google.android.gms:play-services-base:18.5.0] AndroidManifest.xml:5:19-85
212            android:exported="false"
212-->[com.google.android.gms:play-services-base:18.5.0] AndroidManifest.xml:5:146-170
213            android:theme="@android:style/Theme.Translucent.NoTitleBar" />
213-->[com.google.android.gms:play-services-base:18.5.0] AndroidManifest.xml:5:86-145
214
215        <meta-data
215-->[com.google.android.gms:play-services-basement:18.4.0] AndroidManifest.xml:6:9-122
216            android:name="com.google.android.gms.version"
216-->[com.google.android.gms:play-services-basement:18.4.0] AndroidManifest.xml:6:20-65
217            android:value="@integer/google_play_services_version" />
217-->[com.google.android.gms:play-services-basement:18.4.0] AndroidManifest.xml:6:66-119
218
219        <receiver
219-->[androidx.profileinstaller:profileinstaller:1.3.1] AndroidManifest.xml:34:9-52:20
220            android:name="androidx.profileinstaller.ProfileInstallReceiver"
220-->[androidx.profileinstaller:profileinstaller:1.3.1] AndroidManifest.xml:35:13-76
221            android:directBootAware="false"
221-->[androidx.profileinstaller:profileinstaller:1.3.1] AndroidManifest.xml:36:13-44
222            android:enabled="true"
222-->[androidx.profileinstaller:profileinstaller:1.3.1] AndroidManifest.xml:37:13-35
223            android:exported="true"
223-->[androidx.profileinstaller:profileinstaller:1.3.1] AndroidManifest.xml:38:13-36
224            android:permission="android.permission.DUMP" >
224-->[androidx.profileinstaller:profileinstaller:1.3.1] AndroidManifest.xml:39:13-57
225            <intent-filter>
225-->[androidx.profileinstaller:profileinstaller:1.3.1] AndroidManifest.xml:40:13-42:29
226                <action android:name="androidx.profileinstaller.action.INSTALL_PROFILE" />
226-->[androidx.profileinstaller:profileinstaller:1.3.1] AndroidManifest.xml:41:17-91
226-->[androidx.profileinstaller:profileinstaller:1.3.1] AndroidManifest.xml:41:25-88
227            </intent-filter>
228            <intent-filter>
228-->[androidx.profileinstaller:profileinstaller:1.3.1] AndroidManifest.xml:43:13-45:29
229                <action android:name="androidx.profileinstaller.action.SKIP_FILE" />
229-->[androidx.profileinstaller:profileinstaller:1.3.1] AndroidManifest.xml:44:17-85
229-->[androidx.profileinstaller:profileinstaller:1.3.1] AndroidManifest.xml:44:25-82
230            </intent-filter>
231            <intent-filter>
231-->[androidx.profileinstaller:profileinstaller:1.3.1] AndroidManifest.xml:46:13-48:29
232                <action android:name="androidx.profileinstaller.action.SAVE_PROFILE" />
232-->[androidx.profileinstaller:profileinstaller:1.3.1] AndroidManifest.xml:47:17-88
232-->[androidx.profileinstaller:profileinstaller:1.3.1] AndroidManifest.xml:47:25-85
233            </intent-filter>
234            <intent-filter>
234-->[androidx.profileinstaller:profileinstaller:1.3.1] AndroidManifest.xml:49:13-51:29
235                <action android:name="androidx.profileinstaller.action.BENCHMARK_OPERATION" />
235-->[androidx.profileinstaller:profileinstaller:1.3.1] AndroidManifest.xml:50:17-95
235-->[androidx.profileinstaller:profileinstaller:1.3.1] AndroidManifest.xml:50:25-92
236            </intent-filter>
237        </receiver> <!-- The activities will be merged into the manifest of the hosting app. -->
238        <activity
238-->[com.google.android.play:core-common:2.0.3] AndroidManifest.xml:14:9-18:65
239            android:name="com.google.android.play.core.common.PlayCoreDialogWrapperActivity"
239-->[com.google.android.play:core-common:2.0.3] AndroidManifest.xml:15:13-93
240            android:exported="false"
240-->[com.google.android.play:core-common:2.0.3] AndroidManifest.xml:16:13-37
241            android:stateNotNeeded="true"
241-->[com.google.android.play:core-common:2.0.3] AndroidManifest.xml:17:13-42
242            android:theme="@style/Theme.PlayCore.Transparent" />
242-->[com.google.android.play:core-common:2.0.3] AndroidManifest.xml:18:13-62
243    </application>
244
245</manifest>